Arguments: 
  /home/lizhi/soft/node-v8.11.3-linux-x64/bin/node /usr/share/yarn/bin/yarn.js add express --save

PATH: 
  /usr/local/sbin:/usr/local/bin:/usr/sbin:/usr/bin:/sbin:/bin:/usr/games:/usr/local/games:/snap/bin

Yarn version: 
  1.9.4

Node version: 
  8.11.3

Platform: 
  linux x64

Trace: 
  Error: connect ECONNREFUSED 104.16.17.35:443
      at Object._errnoException (util.js:992:11)
      at _exceptionWithHostPort (util.js:1014:20)
      at TCPConnectWrap.afterConnect [as oncomplete] (net.js:1186:14)

npm manifest: 
  {
    "name": "express",
    "version": "1.0.0",
    "description": "",
    "main": "index.js",
    "scripts": {
      "test": "echo \"Error: no test specified\" && exit 1"
    },
    "author": "",
    "license": "ISC"
  }

yarn manifest: 
  No manifest

Lockfile: 
  No lockfile
